0 info it worked if it ends with ok
1 verbose cli [ '/usr/local/bin/node', '/usr/local/bin/npm', 'run', 'demo' ]
2 info using npm@3.9.5
3 info using node@v6.2.2
4 verbose run-script [ 'predemo', 'demo', 'postdemo' ]
5 info lifecycle runtime-nodejs@0.1.0~predemo: runtime-nodejs@0.1.0
6 silly lifecycle runtime-nodejs@0.1.0~predemo: no script for predemo, continuing
7 info lifecycle runtime-nodejs@0.1.0~demo: runtime-nodejs@0.1.0
8 verbose lifecycle runtime-nodejs@0.1.0~demo: unsafe-perm in lifecycle true
9 verbose lifecycle runtime-nodejs@0.1.0~demo: PATH: /usr/local/lib/node_modules/npm/bin/node-gyp-bin:/home/jamal/Desktop/jamal-dev/testDevelop/dev-runtime-nodejs/node_modules/.bin:/usr/local/bin:/usr/local/sbin:/usr/local/bin:/usr/sbin:/usr/bin:/sbin:/bin:/snap/bin
10 verbose lifecycle runtime-nodejs@0.1.0~demo: CWD: /home/jamal/Desktop/jamal-dev/testDevelop/dev-runtime-nodejs
11 silly lifecycle runtime-nodejs@0.1.0~demo: Args: [ '-c',
11 silly lifecycle   'rm -rf scratch D_cache __sysdb__.sqlite && npm run build && node dist/demo.js' ]
12 silly lifecycle runtime-nodejs@0.1.0~demo: Returned: code: 1  signal: null
13 info lifecycle runtime-nodejs@0.1.0~demo: Failed to exec demo script
14 verbose stack Error: runtime-nodejs@0.1.0 demo: `rm -rf scratch D_cache __sysdb__.sqlite && npm run build && node dist/demo.js`
14 verbose stack Exit status 1
14 verbose stack     at EventEmitter.<anonymous> (/usr/local/lib/node_modules/npm/lib/utils/lifecycle.js:245:16)
14 verbose stack     at emitTwo (events.js:106:13)
14 verbose stack     at EventEmitter.emit (events.js:191:7)
14 verbose stack     at ChildProcess.<anonymous> (/usr/local/lib/node_modules/npm/lib/utils/spawn.js:24:14)
14 verbose stack     at emitTwo (events.js:106:13)
14 verbose stack     at ChildProcess.emit (events.js:191:7)
14 verbose stack     at maybeClose (internal/child_process.js:852:16)
14 verbose stack     at Process.ChildProcess._handle.onexit (internal/child_process.js:215:5)
15 verbose pkgid runtime-nodejs@0.1.0
16 verbose cwd /home/jamal/Desktop/jamal-dev/testDevelop/dev-runtime-nodejs/dist
17 error Linux 4.4.0-59-generic
18 error argv "/usr/local/bin/node" "/usr/local/bin/npm" "run" "demo"
19 error node v6.2.2
20 error npm  v3.9.5
21 error code ELIFECYCLE
22 error runtime-nodejs@0.1.0 demo: `rm -rf scratch D_cache __sysdb__.sqlite && npm run build && node dist/demo.js`
22 error Exit status 1
23 error Failed at the runtime-nodejs@0.1.0 demo script 'rm -rf scratch D_cache __sysdb__.sqlite && npm run build && node dist/demo.js'.
23 error Make sure you have the latest version of node.js and npm installed.
23 error If you do, this is most likely a problem with the runtime-nodejs package,
23 error not with npm itself.
23 error Tell the author that this fails on your system:
23 error     rm -rf scratch D_cache __sysdb__.sqlite && npm run build && node dist/demo.js
23 error You can get information on how to open an issue for this project with:
23 error     npm bugs runtime-nodejs
23 error Or if that isn't available, you can get their info via:
23 error     npm owner ls runtime-nodejs
23 error There is likely additional logging output above.
24 verbose exit [ 1, true ]
